{"/home/l.rodrigues/Documents/personal/git-clones/adopet/projeto22-adopet-back/src/db/index.ts": {"path":"/home/l.rodrigues/Documents/personal/git-clones/adopet/projeto22-adopet-back/src/db/index.ts","statementMap":{"0":{"start":{"line":2,"column":15},"end":{"line":2,"column":33}}},"fnMap":{},"branchMap":{},"s":{"0":2},"f":{},"b":{},"_coverageSchema":"1a1c01bbd47fc00a2c39e90264f33305004495a9","hash":"90f11f57bce7eb671be07dc49d0eec80253cd92e"}
,"/home/l.rodrigues/Documents/personal/git-clones/adopet/projeto22-adopet-back/src/errors/index.ts": {"path":"/home/l.rodrigues/Documents/personal/git-clones/adopet/projeto22-adopet-back/src/errors/index.ts","statementMap":{"0":{"start":{"line":6,"column":2},"end":{"line":6,"column":18}},"1":{"start":{"line":7,"column":2},"end":{"line":7,"column":24}},"2":{"start":{"line":13,"column":2},"end":{"line":13,"column":21}},"3":{"start":{"line":19,"column":2},"end":{"line":19,"column":21}},"4":{"start":{"line":25,"column":2},"end":{"line":25,"column":21}},"5":{"start":{"line":31,"column":2},"end":{"line":31,"column":21}},"6":{"start":{"line":37,"column":2},"end":{"line":37,"column":21}}},"fnMap":{"0":{"name":"(anonymous_0)","decl":{"start":{"line":5,"column":1},"end":{"line":5,"column":2}},"loc":{"start":{"line":5,"column":44},"end":{"line":8,"column":2}},"line":5},"1":{"name":"(anonymous_1)","decl":{"start":{"line":12,"column":1},"end":{"line":12,"column":2}},"loc":{"start":{"line":12,"column":30},"end":{"line":14,"column":2}},"line":12},"2":{"name":"(anonymous_2)","decl":{"start":{"line":18,"column":1},"end":{"line":18,"column":2}},"loc":{"start":{"line":18,"column":30},"end":{"line":20,"column":2}},"line":18},"3":{"name":"(anonymous_3)","decl":{"start":{"line":24,"column":1},"end":{"line":24,"column":2}},"loc":{"start":{"line":24,"column":30},"end":{"line":26,"column":2}},"line":24},"4":{"name":"(anonymous_4)","decl":{"start":{"line":30,"column":1},"end":{"line":30,"column":2}},"loc":{"start":{"line":30,"column":30},"end":{"line":32,"column":2}},"line":30},"5":{"name":"(anonymous_5)","decl":{"start":{"line":36,"column":1},"end":{"line":36,"column":2}},"loc":{"start":{"line":36,"column":30},"end":{"line":38,"column":2}},"line":36}},"branchMap":{},"s":{"0":6,"1":6,"2":0,"3":0,"4":1,"5":1,"6":4},"f":{"0":6,"1":0,"2":0,"3":1,"4":1,"5":4},"b":{},"_coverageSchema":"1a1c01bbd47fc00a2c39e90264f33305004495a9","hash":"ffb662c60422994be9065a82fff385f1bece6f6d"}
,"/home/l.rodrigues/Documents/personal/git-clones/adopet/projeto22-adopet-back/src/factories/index.ts": {"path":"/home/l.rodrigues/Documents/personal/git-clones/adopet/projeto22-adopet-back/src/factories/index.ts","statementMap":{},"fnMap":{},"branchMap":{},"s":{},"f":{},"b":{},"_coverageSchema":"1a1c01bbd47fc00a2c39e90264f33305004495a9","hash":"ac0fcced2cd81d1efe188ba6fc2ebceee857229f"}
,"/home/l.rodrigues/Documents/personal/git-clones/adopet/projeto22-adopet-back/src/factories/queryFactory.ts": {"path":"/home/l.rodrigues/Documents/personal/git-clones/adopet/projeto22-adopet-back/src/factories/queryFactory.ts","statementMap":{"0":{"start":{"line":4,"column":16},"end":{"line":8,"column":1}},"1":{"start":{"line":5,"column":1},"end":{"line":7,"column":3}}},"fnMap":{"0":{"name":"(anonymous_0)","decl":{"start":{"line":4,"column":16},"end":{"line":4,"column":17}},"loc":{"start":{"line":4,"column":63},"end":{"line":8,"column":1}},"line":4}},"branchMap":{},"s":{"0":2,"1":0},"f":{"0":0},"b":{},"_coverageSchema":"1a1c01bbd47fc00a2c39e90264f33305004495a9","hash":"8770025e660256e2459e99324ba38eef4b304a18"}
,"/home/l.rodrigues/Documents/personal/git-clones/adopet/projeto22-adopet-back/src/repositories/addressRepository.ts": {"path":"/home/l.rodrigues/Documents/personal/git-clones/adopet/projeto22-adopet-back/src/repositories/addressRepository.ts","statementMap":{"0":{"start":{"line":5,"column":15},"end":{"line":7,"column":1}},"1":{"start":{"line":6,"column":1},"end":{"line":6,"column":59}},"2":{"start":{"line":9,"column":16},"end":{"line":18,"column":1}},"3":{"start":{"line":10,"column":1},"end":{"line":17,"column":3}}},"fnMap":{"0":{"name":"(anonymous_0)","decl":{"start":{"line":5,"column":15},"end":{"line":5,"column":16}},"loc":{"start":{"line":5,"column":47},"end":{"line":7,"column":1}},"line":5},"1":{"name":"(anonymous_1)","decl":{"start":{"line":9,"column":16},"end":{"line":9,"column":17}},"loc":{"start":{"line":9,"column":45},"end":{"line":18,"column":1}},"line":9}},"branchMap":{},"s":{"0":2,"1":0,"2":2,"3":0},"f":{"0":0,"1":0},"b":{},"_coverageSchema":"1a1c01bbd47fc00a2c39e90264f33305004495a9","hash":"339406e39c824a56f7b55b1e073ee5e58d0540dd"}
,"/home/l.rodrigues/Documents/personal/git-clones/adopet/projeto22-adopet-back/src/repositories/index.ts": {"path":"/home/l.rodrigues/Documents/personal/git-clones/adopet/projeto22-adopet-back/src/repositories/index.ts","statementMap":{},"fnMap":{},"branchMap":{},"s":{},"f":{},"b":{},"_coverageSchema":"1a1c01bbd47fc00a2c39e90264f33305004495a9","hash":"29c2fea9de2f21919a7bfee87cf30e4f95489913"}
,"/home/l.rodrigues/Documents/personal/git-clones/adopet/projeto22-adopet-back/src/repositories/petsRepository.ts": {"path":"/home/l.rodrigues/Documents/personal/git-clones/adopet/projeto22-adopet-back/src/repositories/petsRepository.ts","statementMap":{"0":{"start":{"line":4,"column":16},"end":{"line":48,"column":1}},"1":{"start":{"line":5,"column":1},"end":{"line":47,"column":3}},"2":{"start":{"line":50,"column":16},"end":{"line":82,"column":1}},"3":{"start":{"line":51,"column":1},"end":{"line":81,"column":3}},"4":{"start":{"line":84,"column":28},"end":{"line":85,"column":60}},"5":{"start":{"line":85,"column":1},"end":{"line":85,"column":60}},"6":{"start":{"line":87,"column":25},"end":{"line":88,"column":57}},"7":{"start":{"line":88,"column":1},"end":{"line":88,"column":57}},"8":{"start":{"line":90,"column":36},"end":{"line":92,"column":1}},"9":{"start":{"line":91,"column":1},"end":{"line":91,"column":71}},"10":{"start":{"line":94,"column":33},"end":{"line":96,"column":1}},"11":{"start":{"line":95,"column":1},"end":{"line":95,"column":68}},"12":{"start":{"line":98,"column":29},"end":{"line":142,"column":1}},"13":{"start":{"line":99,"column":1},"end":{"line":141,"column":3}}},"fnMap":{"0":{"name":"(anonymous_0)","decl":{"start":{"line":4,"column":16},"end":{"line":4,"column":17}},"loc":{"start":{"line":4,"column":58},"end":{"line":48,"column":1}},"line":4},"1":{"name":"(anonymous_1)","decl":{"start":{"line":50,"column":16},"end":{"line":50,"column":17}},"loc":{"start":{"line":50,"column":35},"end":{"line":82,"column":1}},"line":50},"2":{"name":"(anonymous_2)","decl":{"start":{"line":84,"column":28},"end":{"line":84,"column":29}},"loc":{"start":{"line":85,"column":1},"end":{"line":85,"column":60}},"line":85},"3":{"name":"(anonymous_3)","decl":{"start":{"line":87,"column":25},"end":{"line":87,"column":26}},"loc":{"start":{"line":88,"column":1},"end":{"line":88,"column":57}},"line":88},"4":{"name":"(anonymous_4)","decl":{"start":{"line":90,"column":36},"end":{"line":90,"column":37}},"loc":{"start":{"line":90,"column":77},"end":{"line":92,"column":1}},"line":90},"5":{"name":"(anonymous_5)","decl":{"start":{"line":94,"column":33},"end":{"line":94,"column":34}},"loc":{"start":{"line":94,"column":74},"end":{"line":96,"column":1}},"line":94},"6":{"name":"(anonymous_6)","decl":{"start":{"line":98,"column":29},"end":{"line":98,"column":30}},"loc":{"start":{"line":98,"column":71},"end":{"line":142,"column":1}},"line":98}},"branchMap":{"0":{"loc":{"start":{"line":7,"column":7},"end":{"line":7,"column":43}},"type":"binary-expr","locations":[{"start":{"line":7,"column":7},"end":{"line":7,"column":18}},{"start":{"line":7,"column":22},"end":{"line":7,"column":43}}],"line":7},"1":{"loc":{"start":{"line":8,"column":7},"end":{"line":14,"column":4}},"type":"binary-expr","locations":[{"start":{"line":8,"column":7},"end":{"line":8,"column":22}},{"start":{"line":8,"column":26},"end":{"line":14,"column":4}}],"line":8},"2":{"loc":{"start":{"line":15,"column":7},"end":{"line":15,"column":61}},"type":"binary-expr","locations":[{"start":{"line":15,"column":7},"end":{"line":15,"column":24}},{"start":{"line":15,"column":28},"end":{"line":15,"column":61}}],"line":15},"3":{"loc":{"start":{"line":103,"column":8},"end":{"line":103,"column":44}},"type":"binary-expr","locations":[{"start":{"line":103,"column":8},"end":{"line":103,"column":19}},{"start":{"line":103,"column":23},"end":{"line":103,"column":44}}],"line":103},"4":{"loc":{"start":{"line":104,"column":8},"end":{"line":110,"column":5}},"type":"binary-expr","locations":[{"start":{"line":104,"column":8},"end":{"line":104,"column":23}},{"start":{"line":104,"column":27},"end":{"line":110,"column":5}}],"line":104},"5":{"loc":{"start":{"line":111,"column":8},"end":{"line":111,"column":62}},"type":"binary-expr","locations":[{"start":{"line":111,"column":8},"end":{"line":111,"column":25}},{"start":{"line":111,"column":29},"end":{"line":111,"column":62}}],"line":111}},"s":{"0":2,"1":0,"2":2,"3":1,"4":2,"5":0,"6":2,"7":0,"8":2,"9":0,"10":2,"11":0,"12":2,"13":0},"f":{"0":0,"1":1,"2":0,"3":0,"4":0,"5":0,"6":0},"b":{"0":[0,0],"1":[0,0],"2":[0,0],"3":[0,0],"4":[0,0],"5":[0,0]},"_coverageSchema":"1a1c01bbd47fc00a2c39e90264f33305004495a9","hash":"b2fd9db05c0bb8f819aeb69ae0b575ec4073b9fc"}
,"/home/l.rodrigues/Documents/personal/git-clones/adopet/projeto22-adopet-back/src/repositories/userRepository.ts": {"path":"/home/l.rodrigues/Documents/personal/git-clones/adopet/projeto22-adopet-back/src/repositories/userRepository.ts","statementMap":{"0":{"start":{"line":4,"column":15},"end":{"line":4,"column":77}},"1":{"start":{"line":4,"column":43},"end":{"line":4,"column":77}},"2":{"start":{"line":6,"column":19},"end":{"line":8,"column":1}},"3":{"start":{"line":7,"column":1},"end":{"line":7,"column":52}}},"fnMap":{"0":{"name":"(anonymous_0)","decl":{"start":{"line":4,"column":15},"end":{"line":4,"column":16}},"loc":{"start":{"line":4,"column":43},"end":{"line":4,"column":77}},"line":4},"1":{"name":"(anonymous_1)","decl":{"start":{"line":6,"column":19},"end":{"line":6,"column":20}},"loc":{"start":{"line":6,"column":44},"end":{"line":8,"column":1}},"line":6}},"branchMap":{},"s":{"0":2,"1":0,"2":2,"3":0},"f":{"0":0,"1":0},"b":{},"_coverageSchema":"1a1c01bbd47fc00a2c39e90264f33305004495a9","hash":"0b7a28771c7532db3e64fd01f0595f900eb3dd38"}
,"/home/l.rodrigues/Documents/personal/git-clones/adopet/projeto22-adopet-back/src/services/addressService.ts": {"path":"/home/l.rodrigues/Documents/personal/git-clones/adopet/projeto22-adopet-back/src/services/addressService.ts","statementMap":{"0":{"start":{"line":5,"column":15},"end":{"line":16,"column":1}},"1":{"start":{"line":6,"column":52},"end":{"line":6,"column":74}},"2":{"start":{"line":7,"column":27},"end":{"line":13,"column":3}},"3":{"start":{"line":15,"column":1},"end":{"line":15,"column":21}},"4":{"start":{"line":18,"column":20},"end":{"line":24,"column":1}},"5":{"start":{"line":19,"column":1},"end":{"line":19,"column":29}},"6":{"start":{"line":20,"column":18},"end":{"line":20,"column":76}},"7":{"start":{"line":21,"column":1},"end":{"line":21,"column":70}},"8":{"start":{"line":21,"column":30},"end":{"line":21,"column":70}},"9":{"start":{"line":23,"column":1},"end":{"line":23,"column":47}}},"fnMap":{"0":{"name":"(anonymous_0)","decl":{"start":{"line":5,"column":15},"end":{"line":5,"column":16}},"loc":{"start":{"line":5,"column":38},"end":{"line":16,"column":1}},"line":5},"1":{"name":"(anonymous_1)","decl":{"start":{"line":18,"column":20},"end":{"line":18,"column":21}},"loc":{"start":{"line":18,"column":43},"end":{"line":24,"column":1}},"line":18}},"branchMap":{"0":{"loc":{"start":{"line":21,"column":1},"end":{"line":21,"column":70}},"type":"if","locations":[{"start":{"line":21,"column":1},"end":{"line":21,"column":70}},{"start":{},"end":{}}],"line":21}},"s":{"0":2,"1":2,"2":1,"3":1,"4":2,"5":2,"6":2,"7":2,"8":1,"9":1},"f":{"0":2,"1":2},"b":{"0":[1,1]},"_coverageSchema":"1a1c01bbd47fc00a2c39e90264f33305004495a9","hash":"f5e4babda08a905aaca91c5a6e42eea184ffa921"}
,"/home/l.rodrigues/Documents/personal/git-clones/adopet/projeto22-adopet-back/src/services/authService.ts": {"path":"/home/l.rodrigues/Documents/personal/git-clones/adopet/projeto22-adopet-back/src/services/authService.ts","statementMap":{"0":{"start":{"line":7,"column":15},"end":{"line":21,"column":1}},"1":{"start":{"line":8,"column":14},"end":{"line":8,"column":61}},"2":{"start":{"line":9,"column":1},"end":{"line":9,"column":62}},"3":{"start":{"line":9,"column":11},"end":{"line":9,"column":62}},"4":{"start":{"line":11,"column":23},"end":{"line":11,"column":64}},"5":{"start":{"line":12,"column":1},"end":{"line":12,"column":20}},"6":{"start":{"line":14,"column":24},"end":{"line":14,"column":73}},"7":{"start":{"line":16,"column":1},"end":{"line":20,"column":3}},"8":{"start":{"line":23,"column":14},"end":{"line":31,"column":1}},"9":{"start":{"line":24,"column":14},"end":{"line":24,"column":62}},"10":{"start":{"line":25,"column":1},"end":{"line":25,"column":52}},"11":{"start":{"line":25,"column":12},"end":{"line":25,"column":52}},"12":{"start":{"line":26,"column":1},"end":{"line":27,"column":49}},"13":{"start":{"line":27,"column":2},"end":{"line":27,"column":49}},"14":{"start":{"line":29,"column":27},"end":{"line":29,"column":31}},"15":{"start":{"line":30,"column":1},"end":{"line":30,"column":60}}},"fnMap":{"0":{"name":"(anonymous_0)","decl":{"start":{"line":7,"column":15},"end":{"line":7,"column":16}},"loc":{"start":{"line":7,"column":47},"end":{"line":21,"column":1}},"line":7},"1":{"name":"(anonymous_1)","decl":{"start":{"line":23,"column":14},"end":{"line":23,"column":15}},"loc":{"start":{"line":23,"column":45},"end":{"line":31,"column":1}},"line":23}},"branchMap":{"0":{"loc":{"start":{"line":9,"column":1},"end":{"line":9,"column":62}},"type":"if","locations":[{"start":{"line":9,"column":1},"end":{"line":9,"column":62}},{"start":{},"end":{}}],"line":9},"1":{"loc":{"start":{"line":25,"column":1},"end":{"line":25,"column":52}},"type":"if","locations":[{"start":{"line":25,"column":1},"end":{"line":25,"column":52}},{"start":{},"end":{}}],"line":25},"2":{"loc":{"start":{"line":26,"column":1},"end":{"line":27,"column":49}},"type":"if","locations":[{"start":{"line":26,"column":1},"end":{"line":27,"column":49}},{"start":{},"end":{}}],"line":26}},"s":{"0":2,"1":3,"2":3,"3":1,"4":2,"5":1,"6":1,"7":1,"8":2,"9":3,"10":3,"11":1,"12":2,"13":1,"14":1,"15":1},"f":{"0":3,"1":3},"b":{"0":[1,2],"1":[1,2],"2":[1,1]},"_coverageSchema":"1a1c01bbd47fc00a2c39e90264f33305004495a9","hash":"8e3117a514f88bc91f7278faf84ea510466fb743"}
,"/home/l.rodrigues/Documents/personal/git-clones/adopet/projeto22-adopet-back/src/services/index.ts": {"path":"/home/l.rodrigues/Documents/personal/git-clones/adopet/projeto22-adopet-back/src/services/index.ts","statementMap":{},"fnMap":{},"branchMap":{},"s":{},"f":{},"b":{},"_coverageSchema":"1a1c01bbd47fc00a2c39e90264f33305004495a9","hash":"e346572a75d4cbd6d25d7b28cd0eba9f7368a4cf"}
,"/home/l.rodrigues/Documents/personal/git-clones/adopet/projeto22-adopet-back/src/services/petsService.ts": {"path":"/home/l.rodrigues/Documents/personal/git-clones/adopet/projeto22-adopet-back/src/services/petsService.ts","statementMap":{"0":{"start":{"line":6,"column":16},"end":{"line":14,"column":1}},"1":{"start":{"line":7,"column":1},"end":{"line":10,"column":2}},"2":{"start":{"line":8,"column":20},"end":{"line":8,"column":62}},"3":{"start":{"line":9,"column":2},"end":{"line":9,"column":25}},"4":{"start":{"line":11,"column":1},"end":{"line":11,"column":48}},"5":{"start":{"line":11,"column":24},"end":{"line":11,"column":48}},"6":{"start":{"line":13,"column":1},"end":{"line":13,"column":46}},"7":{"start":{"line":16,"column":23},"end":{"line":21,"column":1}},"8":{"start":{"line":17,"column":13},"end":{"line":17,"column":53}},"9":{"start":{"line":18,"column":1},"end":{"line":18,"column":51}},"10":{"start":{"line":18,"column":11},"end":{"line":18,"column":51}},"11":{"start":{"line":20,"column":1},"end":{"line":20,"column":37}},"12":{"start":{"line":23,"column":28},"end":{"line":40,"column":1}},"13":{"start":{"line":24,"column":13},"end":{"line":24,"column":53}},"14":{"start":{"line":25,"column":1},"end":{"line":25,"column":51}},"15":{"start":{"line":25,"column":11},"end":{"line":25,"column":51}},"16":{"start":{"line":26,"column":26},"end":{"line":29,"column":2}},"17":{"start":{"line":30,"column":1},"end":{"line":31,"column":65}},"18":{"start":{"line":31,"column":2},"end":{"line":31,"column":65}},"19":{"start":{"line":32,"column":23},"end":{"line":35,"column":2}},"20":{"start":{"line":36,"column":1},"end":{"line":37,"column":61}},"21":{"start":{"line":37,"column":2},"end":{"line":37,"column":61}},"22":{"start":{"line":39,"column":1},"end":{"line":39,"column":56}},"23":{"start":{"line":42,"column":25},"end":{"line":59,"column":1}},"24":{"start":{"line":43,"column":13},"end":{"line":43,"column":53}},"25":{"start":{"line":44,"column":1},"end":{"line":44,"column":51}},"26":{"start":{"line":44,"column":11},"end":{"line":44,"column":51}},"27":{"start":{"line":45,"column":26},"end":{"line":48,"column":2}},"28":{"start":{"line":49,"column":1},"end":{"line":50,"column":65}},"29":{"start":{"line":50,"column":2},"end":{"line":50,"column":65}},"30":{"start":{"line":51,"column":23},"end":{"line":54,"column":2}},"31":{"start":{"line":55,"column":1},"end":{"line":56,"column":61}},"32":{"start":{"line":56,"column":2},"end":{"line":56,"column":61}},"33":{"start":{"line":58,"column":1},"end":{"line":58,"column":53}},"34":{"start":{"line":61,"column":26},"end":{"line":72,"column":1}},"35":{"start":{"line":66,"column":1},"end":{"line":69,"column":2}},"36":{"start":{"line":67,"column":20},"end":{"line":67,"column":62}},"37":{"start":{"line":68,"column":2},"end":{"line":68,"column":25}},"38":{"start":{"line":70,"column":1},"end":{"line":70,"column":48}},"39":{"start":{"line":70,"column":24},"end":{"line":70,"column":48}},"40":{"start":{"line":71,"column":1},"end":{"line":71,"column":59}}},"fnMap":{"0":{"name":"(anonymous_0)","decl":{"start":{"line":6,"column":16},"end":{"line":6,"column":17}},"loc":{"start":{"line":6,"column":77},"end":{"line":14,"column":1}},"line":6},"1":{"name":"(anonymous_1)","decl":{"start":{"line":16,"column":23},"end":{"line":16,"column":24}},"loc":{"start":{"line":16,"column":48},"end":{"line":21,"column":1}},"line":16},"2":{"name":"(anonymous_2)","decl":{"start":{"line":23,"column":28},"end":{"line":23,"column":29}},"loc":{"start":{"line":23,"column":69},"end":{"line":40,"column":1}},"line":23},"3":{"name":"(anonymous_3)","decl":{"start":{"line":42,"column":25},"end":{"line":42,"column":26}},"loc":{"start":{"line":42,"column":66},"end":{"line":59,"column":1}},"line":42},"4":{"name":"(anonymous_4)","decl":{"start":{"line":61,"column":26},"end":{"line":61,"column":27}},"loc":{"start":{"line":65,"column":5},"end":{"line":72,"column":1}},"line":65}},"branchMap":{"0":{"loc":{"start":{"line":7,"column":1},"end":{"line":10,"column":2}},"type":"if","locations":[{"start":{"line":7,"column":1},"end":{"line":10,"column":2}},{"start":{},"end":{}}],"line":7},"1":{"loc":{"start":{"line":11,"column":1},"end":{"line":11,"column":48}},"type":"if","locations":[{"start":{"line":11,"column":1},"end":{"line":11,"column":48}},{"start":{},"end":{}}],"line":11},"2":{"loc":{"start":{"line":18,"column":1},"end":{"line":18,"column":51}},"type":"if","locations":[{"start":{"line":18,"column":1},"end":{"line":18,"column":51}},{"start":{},"end":{}}],"line":18},"3":{"loc":{"start":{"line":25,"column":1},"end":{"line":25,"column":51}},"type":"if","locations":[{"start":{"line":25,"column":1},"end":{"line":25,"column":51}},{"start":{},"end":{}}],"line":25},"4":{"loc":{"start":{"line":30,"column":1},"end":{"line":31,"column":65}},"type":"if","locations":[{"start":{"line":30,"column":1},"end":{"line":31,"column":65}},{"start":{},"end":{}}],"line":30},"5":{"loc":{"start":{"line":36,"column":1},"end":{"line":37,"column":61}},"type":"if","locations":[{"start":{"line":36,"column":1},"end":{"line":37,"column":61}},{"start":{},"end":{}}],"line":36},"6":{"loc":{"start":{"line":44,"column":1},"end":{"line":44,"column":51}},"type":"if","locations":[{"start":{"line":44,"column":1},"end":{"line":44,"column":51}},{"start":{},"end":{}}],"line":44},"7":{"loc":{"start":{"line":49,"column":1},"end":{"line":50,"column":65}},"type":"if","locations":[{"start":{"line":49,"column":1},"end":{"line":50,"column":65}},{"start":{},"end":{}}],"line":49},"8":{"loc":{"start":{"line":55,"column":1},"end":{"line":56,"column":61}},"type":"if","locations":[{"start":{"line":55,"column":1},"end":{"line":56,"column":61}},{"start":{},"end":{}}],"line":55},"9":{"loc":{"start":{"line":66,"column":1},"end":{"line":69,"column":2}},"type":"if","locations":[{"start":{"line":66,"column":1},"end":{"line":69,"column":2}},{"start":{},"end":{}}],"line":66},"10":{"loc":{"start":{"line":70,"column":1},"end":{"line":70,"column":48}},"type":"if","locations":[{"start":{"line":70,"column":1},"end":{"line":70,"column":48}},{"start":{},"end":{}}],"line":70}},"s":{"0":2,"1":1,"2":0,"3":0,"4":1,"5":0,"6":1,"7":2,"8":5,"9":5,"10":2,"11":3,"12":2,"13":0,"14":0,"15":0,"16":0,"17":0,"18":0,"19":0,"20":0,"21":0,"22":0,"23":2,"24":0,"25":0,"26":0,"27":0,"28":0,"29":0,"30":0,"31":0,"32":0,"33":0,"34":2,"35":0,"36":0,"37":0,"38":0,"39":0,"40":0},"f":{"0":1,"1":5,"2":0,"3":0,"4":0},"b":{"0":[0,1],"1":[0,1],"2":[2,3],"3":[0,0],"4":[0,0],"5":[0,0],"6":[0,0],"7":[0,0],"8":[0,0],"9":[0,0],"10":[0,0]},"_coverageSchema":"1a1c01bbd47fc00a2c39e90264f33305004495a9","hash":"3570cc4a65632f9bac1a02c3ff4e2561459d110b"}
,"/home/l.rodrigues/Documents/personal/git-clones/adopet/projeto22-adopet-back/src/utils/JWTUtils.ts": {"path":"/home/l.rodrigues/Documents/personal/git-clones/adopet/projeto22-adopet-back/src/utils/JWTUtils.ts","statementMap":{"0":{"start":{"line":5,"column":22},"end":{"line":7,"column":1}},"1":{"start":{"line":6,"column":1},"end":{"line":6,"column":46}},"2":{"start":{"line":8,"column":22},"end":{"line":13,"column":1}},"3":{"start":{"line":9,"column":1},"end":{"line":12,"column":3}},"4":{"start":{"line":10,"column":2},"end":{"line":10,"column":51}},"5":{"start":{"line":10,"column":11},"end":{"line":10,"column":51}},"6":{"start":{"line":11,"column":2},"end":{"line":11,"column":16}}},"fnMap":{"0":{"name":"(anonymous_0)","decl":{"start":{"line":5,"column":22},"end":{"line":5,"column":23}},"loc":{"start":{"line":5,"column":40},"end":{"line":7,"column":1}},"line":5},"1":{"name":"(anonymous_1)","decl":{"start":{"line":8,"column":22},"end":{"line":8,"column":23}},"loc":{"start":{"line":8,"column":41},"end":{"line":13,"column":1}},"line":8},"2":{"name":"(anonymous_2)","decl":{"start":{"line":9,"column":50},"end":{"line":9,"column":51}},"loc":{"start":{"line":9,"column":68},"end":{"line":12,"column":2}},"line":9}},"branchMap":{"0":{"loc":{"start":{"line":10,"column":2},"end":{"line":10,"column":51}},"type":"if","locations":[{"start":{"line":10,"column":2},"end":{"line":10,"column":51}},{"start":{},"end":{}}],"line":10}},"s":{"0":2,"1":1,"2":2,"3":0,"4":0,"5":0,"6":0},"f":{"0":1,"1":0,"2":0},"b":{"0":[0,0]},"_coverageSchema":"1a1c01bbd47fc00a2c39e90264f33305004495a9","hash":"6e83632cf90b684b574af71dadcea9fd6537adf5"}
,"/home/l.rodrigues/Documents/personal/git-clones/adopet/projeto22-adopet-back/src/utils/cryptographyUtils.ts": {"path":"/home/l.rodrigues/Documents/personal/git-clones/adopet/projeto22-adopet-back/src/utils/cryptographyUtils.ts","statementMap":{"0":{"start":{"line":3,"column":21},"end":{"line":5,"column":1}},"1":{"start":{"line":4,"column":1},"end":{"line":4,"column":39}},"2":{"start":{"line":7,"column":16},"end":{"line":9,"column":1}},"3":{"start":{"line":8,"column":1},"end":{"line":8,"column":54}}},"fnMap":{"0":{"name":"(anonymous_0)","decl":{"start":{"line":3,"column":21},"end":{"line":3,"column":22}},"loc":{"start":{"line":3,"column":54},"end":{"line":5,"column":1}},"line":3},"1":{"name":"(anonymous_1)","decl":{"start":{"line":7,"column":16},"end":{"line":7,"column":17}},"loc":{"start":{"line":7,"column":64},"end":{"line":9,"column":1}},"line":7}},"branchMap":{"0":{"loc":{"start":{"line":3,"column":40},"end":{"line":3,"column":49}},"type":"default-arg","locations":[{"start":{"line":3,"column":47},"end":{"line":3,"column":49}}],"line":3}},"s":{"0":2,"1":2,"2":2,"3":2},"f":{"0":2,"1":2},"b":{"0":[2]},"_coverageSchema":"1a1c01bbd47fc00a2c39e90264f33305004495a9","hash":"735b5f0dac63c6e005f0354e6d8b110e8cbc401b"}
,"/home/l.rodrigues/Documents/personal/git-clones/adopet/projeto22-adopet-back/src/utils/index.ts": {"path":"/home/l.rodrigues/Documents/personal/git-clones/adopet/projeto22-adopet-back/src/utils/index.ts","statementMap":{},"fnMap":{},"branchMap":{},"s":{},"f":{},"b":{},"_coverageSchema":"1a1c01bbd47fc00a2c39e90264f33305004495a9","hash":"9a4c492eb5a389237168839b839927dbdd311b04"}
,"/home/l.rodrigues/Documents/personal/git-clones/adopet/projeto22-adopet-back/tests/unit/factories/authServiceFactory.ts": {"path":"/home/l.rodrigues/Documents/personal/git-clones/adopet/projeto22-adopet-back/tests/unit/factories/authServiceFactory.ts","statementMap":{"0":{"start":{"line":3,"column":17},"end":{"line":17,"column":1}},"1":{"start":{"line":10,"column":1},"end":{"line":16,"column":2}}},"fnMap":{"0":{"name":"(anonymous_0)","decl":{"start":{"line":3,"column":17},"end":{"line":3,"column":18}},"loc":{"start":{"line":9,"column":5},"end":{"line":17,"column":1}},"line":9}},"branchMap":{"0":{"loc":{"start":{"line":4,"column":1},"end":{"line":4,"column":14}},"type":"default-arg","locations":[{"start":{"line":4,"column":9},"end":{"line":4,"column":14}}],"line":4},"1":{"loc":{"start":{"line":5,"column":1},"end":{"line":5,"column":22}},"type":"default-arg","locations":[{"start":{"line":5,"column":17},"end":{"line":5,"column":22}}],"line":5},"2":{"loc":{"start":{"line":6,"column":1},"end":{"line":6,"column":13}},"type":"default-arg","locations":[{"start":{"line":6,"column":8},"end":{"line":6,"column":13}}],"line":6},"3":{"loc":{"start":{"line":7,"column":1},"end":{"line":7,"column":12}},"type":"default-arg","locations":[{"start":{"line":7,"column":7},"end":{"line":7,"column":12}}],"line":7},"4":{"loc":{"start":{"line":8,"column":1},"end":{"line":8,"column":14}},"type":"default-arg","locations":[{"start":{"line":8,"column":9},"end":{"line":8,"column":14}}],"line":8},"5":{"loc":{"start":{"line":11,"column":9},"end":{"line":11,"column":40}},"type":"binary-expr","locations":[{"start":{"line":11,"column":9},"end":{"line":11,"column":14}},{"start":{"line":11,"column":18},"end":{"line":11,"column":40}}],"line":11},"6":{"loc":{"start":{"line":12,"column":12},"end":{"line":12,"column":50}},"type":"binary-expr","locations":[{"start":{"line":12,"column":12},"end":{"line":12,"column":20}},{"start":{"line":12,"column":24},"end":{"line":12,"column":50}}],"line":12},"7":{"loc":{"start":{"line":13,"column":8},"end":{"line":13,"column":38}},"type":"binary-expr","locations":[{"start":{"line":13,"column":8},"end":{"line":13,"column":12}},{"start":{"line":13,"column":16},"end":{"line":13,"column":38}}],"line":13},"8":{"loc":{"start":{"line":14,"column":7},"end":{"line":14,"column":24}},"type":"binary-expr","locations":[{"start":{"line":14,"column":7},"end":{"line":14,"column":10}},{"start":{"line":14,"column":14},"end":{"line":14,"column":24}}],"line":14},"9":{"loc":{"start":{"line":15,"column":9},"end":{"line":15,"column":35}},"type":"binary-expr","locations":[{"start":{"line":15,"column":9},"end":{"line":15,"column":14}},{"start":{"line":15,"column":18},"end":{"line":15,"column":35}}],"line":15}},"s":{"0":1,"1":6},"f":{"0":6},"b":{"0":[5],"1":[5],"2":[6],"3":[6],"4":[6],"5":[6,6],"6":[6,5],"7":[6,6],"8":[6,6],"9":[6,6]},"_coverageSchema":"1a1c01bbd47fc00a2c39e90264f33305004495a9","hash":"44cb02bd8ebc6b30cce2e5bf3c8b1f4f66045e15"}
,"/home/l.rodrigues/Documents/personal/git-clones/adopet/projeto22-adopet-back/tests/unit/factories/petsServiceFactory.ts": {"path":"/home/l.rodrigues/Documents/personal/git-clones/adopet/projeto22-adopet-back/tests/unit/factories/petsServiceFactory.ts","statementMap":{"0":{"start":{"line":3,"column":17},"end":{"line":13,"column":1}},"1":{"start":{"line":8,"column":1},"end":{"line":12,"column":2}}},"fnMap":{"0":{"name":"(anonymous_0)","decl":{"start":{"line":3,"column":17},"end":{"line":3,"column":18}},"loc":{"start":{"line":7,"column":5},"end":{"line":13,"column":1}},"line":7}},"branchMap":{"0":{"loc":{"start":{"line":4,"column":1},"end":{"line":4,"column":20}},"type":"default-arg","locations":[{"start":{"line":4,"column":15},"end":{"line":4,"column":20}}],"line":4},"1":{"loc":{"start":{"line":5,"column":1},"end":{"line":5,"column":20}},"type":"default-arg","locations":[{"start":{"line":5,"column":15},"end":{"line":5,"column":20}}],"line":5},"2":{"loc":{"start":{"line":6,"column":1},"end":{"line":6,"column":23}},"type":"default-arg","locations":[{"start":{"line":6,"column":18},"end":{"line":6,"column":23}}],"line":6},"3":{"loc":{"start":{"line":10,"column":10},"end":{"line":10,"column":21}},"type":"binary-expr","locations":[{"start":{"line":10,"column":10},"end":{"line":10,"column":16}},{"start":{"line":10,"column":20},"end":{"line":10,"column":21}}],"line":10},"4":{"loc":{"start":{"line":11,"column":13},"end":{"line":11,"column":27}},"type":"binary-expr","locations":[{"start":{"line":11,"column":13},"end":{"line":11,"column":22}},{"start":{"line":11,"column":26},"end":{"line":11,"column":27}}],"line":11}},"s":{"0":1,"1":4},"f":{"0":4},"b":{"0":[4],"1":[4],"2":[4],"3":[4,4],"4":[4,4]},"_coverageSchema":"1a1c01bbd47fc00a2c39e90264f33305004495a9","hash":"9d67f2874044bc9a696f9c18c59a799590717c8c"}
}
