{"/home/lucax/Driven/Projetos/projeto22-adopet/projeto22-adopet-back/src/db/index.ts": {"path":"/home/lucax/Driven/Projetos/projeto22-adopet/projeto22-adopet-back/src/db/index.ts","statementMap":{"0":{"start":{"line":2,"column":15},"end":{"line":2,"column":33}}},"fnMap":{},"branchMap":{},"s":{"0":2},"f":{},"b":{},"_coverageSchema":"1a1c01bbd47fc00a2c39e90264f33305004495a9","hash":"5a40e96df7c4b848003dfa4b89d287253bb65caa"}
,"/home/lucax/Driven/Projetos/projeto22-adopet/projeto22-adopet-back/src/errors/index.ts": {"path":"/home/lucax/Driven/Projetos/projeto22-adopet/projeto22-adopet-back/src/errors/index.ts","statementMap":{"0":{"start":{"line":3,"column":26},"end":{"line":8,"column":1}},"1":{"start":{"line":4,"column":1},"end":{"line":7,"column":2}},"2":{"start":{"line":10,"column":22},"end":{"line":15,"column":1}},"3":{"start":{"line":11,"column":1},"end":{"line":14,"column":2}},"4":{"start":{"line":17,"column":22},"end":{"line":22,"column":1}},"5":{"start":{"line":18,"column":1},"end":{"line":21,"column":2}},"6":{"start":{"line":24,"column":33},"end":{"line":29,"column":1}},"7":{"start":{"line":25,"column":1},"end":{"line":28,"column":2}}},"fnMap":{"0":{"name":"(anonymous_0)","decl":{"start":{"line":3,"column":26},"end":{"line":3,"column":27}},"loc":{"start":{"line":3,"column":57},"end":{"line":8,"column":1}},"line":3},"1":{"name":"(anonymous_1)","decl":{"start":{"line":10,"column":22},"end":{"line":10,"column":23}},"loc":{"start":{"line":10,"column":43},"end":{"line":15,"column":1}},"line":10},"2":{"name":"(anonymous_2)","decl":{"start":{"line":17,"column":22},"end":{"line":17,"column":23}},"loc":{"start":{"line":17,"column":43},"end":{"line":22,"column":1}},"line":17},"3":{"name":"(anonymous_3)","decl":{"start":{"line":24,"column":33},"end":{"line":24,"column":34}},"loc":{"start":{"line":24,"column":54},"end":{"line":29,"column":1}},"line":24}},"branchMap":{},"s":{"0":2,"1":1,"2":2,"3":1,"4":2,"5":4,"6":2,"7":0},"f":{"0":1,"1":1,"2":4,"3":0},"b":{},"_coverageSchema":"1a1c01bbd47fc00a2c39e90264f33305004495a9","hash":"c02223bbbf5f3610097ae3ac11c47a0e7a3cd95b"}
,"/home/lucax/Driven/Projetos/projeto22-adopet/projeto22-adopet-back/src/factories/queryFactory.ts": {"path":"/home/lucax/Driven/Projetos/projeto22-adopet/projeto22-adopet-back/src/factories/queryFactory.ts","statementMap":{"0":{"start":{"line":4,"column":16},"end":{"line":8,"column":1}},"1":{"start":{"line":5,"column":1},"end":{"line":7,"column":3}}},"fnMap":{"0":{"name":"(anonymous_0)","decl":{"start":{"line":4,"column":16},"end":{"line":4,"column":17}},"loc":{"start":{"line":4,"column":63},"end":{"line":8,"column":1}},"line":4}},"branchMap":{},"s":{"0":1,"1":0},"f":{"0":0},"b":{},"_coverageSchema":"1a1c01bbd47fc00a2c39e90264f33305004495a9","hash":"9dbef4153ff7b45318029d30065c313ec83e8580"}
,"/home/lucax/Driven/Projetos/projeto22-adopet/projeto22-adopet-back/src/respositories/adressRepository.ts": {"path":"/home/lucax/Driven/Projetos/projeto22-adopet/projeto22-adopet-back/src/respositories/adressRepository.ts","statementMap":{"0":{"start":{"line":5,"column":15},"end":{"line":12,"column":1}},"1":{"start":{"line":6,"column":25},"end":{"line":6,"column":82}},"2":{"start":{"line":7,"column":24},"end":{"line":7,"column":88}},"3":{"start":{"line":8,"column":28},"end":{"line":10,"column":3}},"4":{"start":{"line":11,"column":1},"end":{"line":11,"column":86}},"5":{"start":{"line":14,"column":16},"end":{"line":23,"column":1}},"6":{"start":{"line":15,"column":1},"end":{"line":22,"column":3}}},"fnMap":{"0":{"name":"(anonymous_0)","decl":{"start":{"line":5,"column":15},"end":{"line":5,"column":16}},"loc":{"start":{"line":5,"column":39},"end":{"line":12,"column":1}},"line":5},"1":{"name":"(anonymous_1)","decl":{"start":{"line":14,"column":16},"end":{"line":14,"column":17}},"loc":{"start":{"line":14,"column":44},"end":{"line":23,"column":1}},"line":14}},"branchMap":{},"s":{"0":2,"1":0,"2":0,"3":0,"4":0,"5":2,"6":0},"f":{"0":0,"1":0},"b":{},"_coverageSchema":"1a1c01bbd47fc00a2c39e90264f33305004495a9","hash":"261739c0bbb8afce8f5ec4b9401980544d1ec8fb"}
,"/home/lucax/Driven/Projetos/projeto22-adopet/projeto22-adopet-back/src/respositories/petsRepository.ts": {"path":"/home/lucax/Driven/Projetos/projeto22-adopet/projeto22-adopet-back/src/respositories/petsRepository.ts","statementMap":{"0":{"start":{"line":4,"column":16},"end":{"line":44,"column":1}},"1":{"start":{"line":5,"column":1},"end":{"line":43,"column":3}},"2":{"start":{"line":46,"column":16},"end":{"line":78,"column":1}},"3":{"start":{"line":47,"column":1},"end":{"line":77,"column":3}},"4":{"start":{"line":80,"column":28},"end":{"line":81,"column":60}},"5":{"start":{"line":81,"column":1},"end":{"line":81,"column":60}},"6":{"start":{"line":83,"column":25},"end":{"line":84,"column":57}},"7":{"start":{"line":84,"column":1},"end":{"line":84,"column":57}},"8":{"start":{"line":86,"column":36},"end":{"line":88,"column":1}},"9":{"start":{"line":87,"column":1},"end":{"line":87,"column":71}},"10":{"start":{"line":90,"column":33},"end":{"line":92,"column":1}},"11":{"start":{"line":91,"column":1},"end":{"line":91,"column":68}},"12":{"start":{"line":94,"column":29},"end":{"line":136,"column":1}},"13":{"start":{"line":95,"column":1},"end":{"line":135,"column":3}}},"fnMap":{"0":{"name":"(anonymous_0)","decl":{"start":{"line":4,"column":16},"end":{"line":4,"column":17}},"loc":{"start":{"line":4,"column":58},"end":{"line":44,"column":1}},"line":4},"1":{"name":"(anonymous_1)","decl":{"start":{"line":46,"column":16},"end":{"line":46,"column":17}},"loc":{"start":{"line":46,"column":35},"end":{"line":78,"column":1}},"line":46},"2":{"name":"(anonymous_2)","decl":{"start":{"line":80,"column":28},"end":{"line":80,"column":29}},"loc":{"start":{"line":81,"column":1},"end":{"line":81,"column":60}},"line":81},"3":{"name":"(anonymous_3)","decl":{"start":{"line":83,"column":25},"end":{"line":83,"column":26}},"loc":{"start":{"line":84,"column":1},"end":{"line":84,"column":57}},"line":84},"4":{"name":"(anonymous_4)","decl":{"start":{"line":86,"column":36},"end":{"line":86,"column":37}},"loc":{"start":{"line":86,"column":77},"end":{"line":88,"column":1}},"line":86},"5":{"name":"(anonymous_5)","decl":{"start":{"line":90,"column":33},"end":{"line":90,"column":34}},"loc":{"start":{"line":90,"column":74},"end":{"line":92,"column":1}},"line":90},"6":{"name":"(anonymous_6)","decl":{"start":{"line":94,"column":29},"end":{"line":94,"column":30}},"loc":{"start":{"line":94,"column":71},"end":{"line":136,"column":1}},"line":94}},"branchMap":{"0":{"loc":{"start":{"line":7,"column":7},"end":{"line":7,"column":43}},"type":"binary-expr","locations":[{"start":{"line":7,"column":7},"end":{"line":7,"column":18}},{"start":{"line":7,"column":22},"end":{"line":7,"column":43}}],"line":7},"1":{"loc":{"start":{"line":8,"column":7},"end":{"line":10,"column":4}},"type":"binary-expr","locations":[{"start":{"line":8,"column":7},"end":{"line":8,"column":22}},{"start":{"line":8,"column":26},"end":{"line":10,"column":4}}],"line":8},"2":{"loc":{"start":{"line":11,"column":7},"end":{"line":11,"column":61}},"type":"binary-expr","locations":[{"start":{"line":11,"column":7},"end":{"line":11,"column":24}},{"start":{"line":11,"column":28},"end":{"line":11,"column":61}}],"line":11},"3":{"loc":{"start":{"line":99,"column":8},"end":{"line":99,"column":44}},"type":"binary-expr","locations":[{"start":{"line":99,"column":8},"end":{"line":99,"column":19}},{"start":{"line":99,"column":23},"end":{"line":99,"column":44}}],"line":99},"4":{"loc":{"start":{"line":100,"column":8},"end":{"line":104,"column":5}},"type":"binary-expr","locations":[{"start":{"line":100,"column":8},"end":{"line":100,"column":23}},{"start":{"line":100,"column":27},"end":{"line":104,"column":5}}],"line":100},"5":{"loc":{"start":{"line":105,"column":8},"end":{"line":105,"column":62}},"type":"binary-expr","locations":[{"start":{"line":105,"column":8},"end":{"line":105,"column":25}},{"start":{"line":105,"column":29},"end":{"line":105,"column":62}}],"line":105}},"s":{"0":1,"1":0,"2":1,"3":1,"4":1,"5":0,"6":1,"7":0,"8":1,"9":0,"10":1,"11":0,"12":1,"13":0},"f":{"0":0,"1":1,"2":0,"3":0,"4":0,"5":0,"6":0},"b":{"0":[0,0],"1":[0,0],"2":[0,0],"3":[0,0],"4":[0,0],"5":[0,0]},"_coverageSchema":"1a1c01bbd47fc00a2c39e90264f33305004495a9","hash":"949394da4e9090cd75a7b6c355af642a7be92b23"}
,"/home/lucax/Driven/Projetos/projeto22-adopet/projeto22-adopet-back/src/respositories/userRepository.ts": {"path":"/home/lucax/Driven/Projetos/projeto22-adopet/projeto22-adopet-back/src/respositories/userRepository.ts","statementMap":{"0":{"start":{"line":4,"column":15},"end":{"line":4,"column":77}},"1":{"start":{"line":4,"column":43},"end":{"line":4,"column":77}},"2":{"start":{"line":6,"column":19},"end":{"line":8,"column":1}},"3":{"start":{"line":7,"column":1},"end":{"line":7,"column":52}}},"fnMap":{"0":{"name":"(anonymous_0)","decl":{"start":{"line":4,"column":15},"end":{"line":4,"column":16}},"loc":{"start":{"line":4,"column":43},"end":{"line":4,"column":77}},"line":4},"1":{"name":"(anonymous_1)","decl":{"start":{"line":6,"column":19},"end":{"line":6,"column":20}},"loc":{"start":{"line":6,"column":44},"end":{"line":8,"column":1}},"line":6}},"branchMap":{},"s":{"0":1,"1":0,"2":1,"3":0},"f":{"0":0,"1":0},"b":{},"_coverageSchema":"1a1c01bbd47fc00a2c39e90264f33305004495a9","hash":"3b013ea78e1082a9a732cf0dbf7a6b74f364decb"}
,"/home/lucax/Driven/Projetos/projeto22-adopet/projeto22-adopet-back/src/services/authService.ts": {"path":"/home/lucax/Driven/Projetos/projeto22-adopet/projeto22-adopet-back/src/services/authService.ts","statementMap":{"0":{"start":{"line":9,"column":15},"end":{"line":22,"column":1}},"1":{"start":{"line":10,"column":14},"end":{"line":10,"column":61}},"2":{"start":{"line":11,"column":1},"end":{"line":11,"column":58}},"3":{"start":{"line":11,"column":11},"end":{"line":11,"column":58}},"4":{"start":{"line":12,"column":36},"end":{"line":12,"column":67}},"5":{"start":{"line":13,"column":26},"end":{"line":18,"column":3}},"6":{"start":{"line":19,"column":1},"end":{"line":19,"column":20}},"7":{"start":{"line":20,"column":1},"end":{"line":20,"column":83}},"8":{"start":{"line":21,"column":1},"end":{"line":21,"column":38}},"9":{"start":{"line":24,"column":14},"end":{"line":32,"column":1}},"10":{"start":{"line":25,"column":14},"end":{"line":25,"column":62}},"11":{"start":{"line":26,"column":1},"end":{"line":26,"column":48}},"12":{"start":{"line":26,"column":12},"end":{"line":26,"column":48}},"13":{"start":{"line":27,"column":1},"end":{"line":28,"column":45}},"14":{"start":{"line":28,"column":2},"end":{"line":28,"column":45}},"15":{"start":{"line":30,"column":26},"end":{"line":30,"column":30}},"16":{"start":{"line":31,"column":1},"end":{"line":31,"column":50}},"17":{"start":{"line":34,"column":20},"end":{"line":38,"column":1}},"18":{"start":{"line":35,"column":35},"end":{"line":35,"column":91}},"19":{"start":{"line":36,"column":1},"end":{"line":36,"column":56}},"20":{"start":{"line":36,"column":22},"end":{"line":36,"column":56}},"21":{"start":{"line":37,"column":1},"end":{"line":37,"column":18}}},"fnMap":{"0":{"name":"(anonymous_0)","decl":{"start":{"line":9,"column":15},"end":{"line":9,"column":16}},"loc":{"start":{"line":9,"column":47},"end":{"line":22,"column":1}},"line":9},"1":{"name":"(anonymous_1)","decl":{"start":{"line":24,"column":14},"end":{"line":24,"column":15}},"loc":{"start":{"line":24,"column":45},"end":{"line":32,"column":1}},"line":24},"2":{"name":"(anonymous_2)","decl":{"start":{"line":34,"column":20},"end":{"line":34,"column":21}},"loc":{"start":{"line":34,"column":43},"end":{"line":38,"column":1}},"line":34}},"branchMap":{"0":{"loc":{"start":{"line":11,"column":1},"end":{"line":11,"column":58}},"type":"if","locations":[{"start":{"line":11,"column":1},"end":{"line":11,"column":58}},{"start":{},"end":{}}],"line":11},"1":{"loc":{"start":{"line":26,"column":1},"end":{"line":26,"column":48}},"type":"if","locations":[{"start":{"line":26,"column":1},"end":{"line":26,"column":48}},{"start":{},"end":{}}],"line":26},"2":{"loc":{"start":{"line":27,"column":1},"end":{"line":28,"column":45}},"type":"if","locations":[{"start":{"line":27,"column":1},"end":{"line":28,"column":45}},{"start":{},"end":{}}],"line":27},"3":{"loc":{"start":{"line":36,"column":1},"end":{"line":36,"column":56}},"type":"if","locations":[{"start":{"line":36,"column":1},"end":{"line":36,"column":56}},{"start":{},"end":{}}],"line":36}},"s":{"0":1,"1":3,"2":3,"3":1,"4":2,"5":1,"6":1,"7":1,"8":1,"9":1,"10":3,"11":3,"12":1,"13":2,"14":1,"15":1,"16":1,"17":1,"18":2,"19":2,"20":1,"21":1},"f":{"0":3,"1":3,"2":2},"b":{"0":[1,2],"1":[1,2],"2":[1,1],"3":[1,1]},"_coverageSchema":"1a1c01bbd47fc00a2c39e90264f33305004495a9","hash":"bbfed1ce3ff49c04526b7cc156e40d8f23bb43d5"}
,"/home/lucax/Driven/Projetos/projeto22-adopet/projeto22-adopet-back/src/services/petsService.ts": {"path":"/home/lucax/Driven/Projetos/projeto22-adopet/projeto22-adopet-back/src/services/petsService.ts","statementMap":{"0":{"start":{"line":7,"column":16},"end":{"line":14,"column":1}},"1":{"start":{"line":8,"column":1},"end":{"line":11,"column":2}},"2":{"start":{"line":9,"column":20},"end":{"line":9,"column":60}},"3":{"start":{"line":10,"column":2},"end":{"line":10,"column":30}},"4":{"start":{"line":12,"column":1},"end":{"line":12,"column":48}},"5":{"start":{"line":12,"column":24},"end":{"line":12,"column":48}},"6":{"start":{"line":13,"column":1},"end":{"line":13,"column":52}},"7":{"start":{"line":16,"column":23},"end":{"line":20,"column":1}},"8":{"start":{"line":17,"column":13},"end":{"line":17,"column":53}},"9":{"start":{"line":18,"column":1},"end":{"line":18,"column":47}},"10":{"start":{"line":18,"column":11},"end":{"line":18,"column":47}},"11":{"start":{"line":19,"column":1},"end":{"line":19,"column":43}},"12":{"start":{"line":22,"column":28},"end":{"line":31,"column":1}},"13":{"start":{"line":23,"column":13},"end":{"line":23,"column":53}},"14":{"start":{"line":24,"column":1},"end":{"line":24,"column":47}},"15":{"start":{"line":24,"column":11},"end":{"line":24,"column":47}},"16":{"start":{"line":25,"column":26},"end":{"line":25,"column":89}},"17":{"start":{"line":26,"column":1},"end":{"line":26,"column":82}},"18":{"start":{"line":26,"column":23},"end":{"line":26,"column":82}},"19":{"start":{"line":27,"column":23},"end":{"line":27,"column":83}},"20":{"start":{"line":28,"column":1},"end":{"line":28,"column":75}},"21":{"start":{"line":28,"column":20},"end":{"line":28,"column":75}},"22":{"start":{"line":30,"column":1},"end":{"line":30,"column":56}},"23":{"start":{"line":33,"column":25},"end":{"line":42,"column":1}},"24":{"start":{"line":34,"column":13},"end":{"line":34,"column":53}},"25":{"start":{"line":35,"column":1},"end":{"line":35,"column":47}},"26":{"start":{"line":35,"column":11},"end":{"line":35,"column":47}},"27":{"start":{"line":36,"column":26},"end":{"line":36,"column":89}},"28":{"start":{"line":37,"column":1},"end":{"line":37,"column":82}},"29":{"start":{"line":37,"column":23},"end":{"line":37,"column":82}},"30":{"start":{"line":38,"column":23},"end":{"line":38,"column":83}},"31":{"start":{"line":39,"column":1},"end":{"line":39,"column":75}},"32":{"start":{"line":39,"column":20},"end":{"line":39,"column":75}},"33":{"start":{"line":41,"column":1},"end":{"line":41,"column":53}},"34":{"start":{"line":44,"column":26},"end":{"line":51,"column":1}},"35":{"start":{"line":45,"column":1},"end":{"line":48,"column":2}},"36":{"start":{"line":46,"column":20},"end":{"line":46,"column":60}},"37":{"start":{"line":47,"column":2},"end":{"line":47,"column":30}},"38":{"start":{"line":49,"column":1},"end":{"line":49,"column":48}},"39":{"start":{"line":49,"column":24},"end":{"line":49,"column":48}},"40":{"start":{"line":50,"column":1},"end":{"line":50,"column":65}}},"fnMap":{"0":{"name":"(anonymous_0)","decl":{"start":{"line":7,"column":16},"end":{"line":7,"column":17}},"loc":{"start":{"line":7,"column":76},"end":{"line":14,"column":1}},"line":7},"1":{"name":"(anonymous_1)","decl":{"start":{"line":16,"column":23},"end":{"line":16,"column":24}},"loc":{"start":{"line":16,"column":48},"end":{"line":20,"column":1}},"line":16},"2":{"name":"(anonymous_2)","decl":{"start":{"line":22,"column":28},"end":{"line":22,"column":29}},"loc":{"start":{"line":22,"column":69},"end":{"line":31,"column":1}},"line":22},"3":{"name":"(anonymous_3)","decl":{"start":{"line":33,"column":25},"end":{"line":33,"column":26}},"loc":{"start":{"line":33,"column":66},"end":{"line":42,"column":1}},"line":33},"4":{"name":"(anonymous_4)","decl":{"start":{"line":44,"column":26},"end":{"line":44,"column":27}},"loc":{"start":{"line":44,"column":86},"end":{"line":51,"column":1}},"line":44}},"branchMap":{"0":{"loc":{"start":{"line":8,"column":1},"end":{"line":11,"column":2}},"type":"if","locations":[{"start":{"line":8,"column":1},"end":{"line":11,"column":2}},{"start":{},"end":{}}],"line":8},"1":{"loc":{"start":{"line":12,"column":1},"end":{"line":12,"column":48}},"type":"if","locations":[{"start":{"line":12,"column":1},"end":{"line":12,"column":48}},{"start":{},"end":{}}],"line":12},"2":{"loc":{"start":{"line":18,"column":1},"end":{"line":18,"column":47}},"type":"if","locations":[{"start":{"line":18,"column":1},"end":{"line":18,"column":47}},{"start":{},"end":{}}],"line":18},"3":{"loc":{"start":{"line":24,"column":1},"end":{"line":24,"column":47}},"type":"if","locations":[{"start":{"line":24,"column":1},"end":{"line":24,"column":47}},{"start":{},"end":{}}],"line":24},"4":{"loc":{"start":{"line":26,"column":1},"end":{"line":26,"column":82}},"type":"if","locations":[{"start":{"line":26,"column":1},"end":{"line":26,"column":82}},{"start":{},"end":{}}],"line":26},"5":{"loc":{"start":{"line":28,"column":1},"end":{"line":28,"column":75}},"type":"if","locations":[{"start":{"line":28,"column":1},"end":{"line":28,"column":75}},{"start":{},"end":{}}],"line":28},"6":{"loc":{"start":{"line":35,"column":1},"end":{"line":35,"column":47}},"type":"if","locations":[{"start":{"line":35,"column":1},"end":{"line":35,"column":47}},{"start":{},"end":{}}],"line":35},"7":{"loc":{"start":{"line":37,"column":1},"end":{"line":37,"column":82}},"type":"if","locations":[{"start":{"line":37,"column":1},"end":{"line":37,"column":82}},{"start":{},"end":{}}],"line":37},"8":{"loc":{"start":{"line":39,"column":1},"end":{"line":39,"column":75}},"type":"if","locations":[{"start":{"line":39,"column":1},"end":{"line":39,"column":75}},{"start":{},"end":{}}],"line":39},"9":{"loc":{"start":{"line":45,"column":1},"end":{"line":48,"column":2}},"type":"if","locations":[{"start":{"line":45,"column":1},"end":{"line":48,"column":2}},{"start":{},"end":{}}],"line":45},"10":{"loc":{"start":{"line":49,"column":1},"end":{"line":49,"column":48}},"type":"if","locations":[{"start":{"line":49,"column":1},"end":{"line":49,"column":48}},{"start":{},"end":{}}],"line":49}},"s":{"0":1,"1":1,"2":0,"3":0,"4":1,"5":0,"6":1,"7":1,"8":5,"9":5,"10":2,"11":3,"12":1,"13":0,"14":0,"15":0,"16":0,"17":0,"18":0,"19":0,"20":0,"21":0,"22":0,"23":1,"24":0,"25":0,"26":0,"27":0,"28":0,"29":0,"30":0,"31":0,"32":0,"33":0,"34":1,"35":0,"36":0,"37":0,"38":0,"39":0,"40":0},"f":{"0":1,"1":5,"2":0,"3":0,"4":0},"b":{"0":[0,1],"1":[0,1],"2":[2,3],"3":[0,0],"4":[0,0],"5":[0,0],"6":[0,0],"7":[0,0],"8":[0,0],"9":[0,0],"10":[0,0]},"_coverageSchema":"1a1c01bbd47fc00a2c39e90264f33305004495a9","hash":"3fa5c04b30d7546d3304d13eda4540fd1bc6ce9c"}
,"/home/lucax/Driven/Projetos/projeto22-adopet/projeto22-adopet-back/src/utils/JWTUtils.ts": {"path":"/home/lucax/Driven/Projetos/projeto22-adopet/projeto22-adopet-back/src/utils/JWTUtils.ts","statementMap":{"0":{"start":{"line":3,"column":22},"end":{"line":5,"column":1}},"1":{"start":{"line":4,"column":1},"end":{"line":4,"column":46}},"2":{"start":{"line":6,"column":22},"end":{"line":8,"column":1}},"3":{"start":{"line":7,"column":1},"end":{"line":7,"column":49}}},"fnMap":{"0":{"name":"(anonymous_0)","decl":{"start":{"line":3,"column":22},"end":{"line":3,"column":23}},"loc":{"start":{"line":3,"column":40},"end":{"line":5,"column":1}},"line":3},"1":{"name":"(anonymous_1)","decl":{"start":{"line":6,"column":22},"end":{"line":6,"column":23}},"loc":{"start":{"line":6,"column":41},"end":{"line":8,"column":1}},"line":6}},"branchMap":{},"s":{"0":1,"1":1,"2":1,"3":0},"f":{"0":1,"1":0},"b":{},"_coverageSchema":"1a1c01bbd47fc00a2c39e90264f33305004495a9","hash":"af6b033130112b6837bd3c2cbe8855bb0c4a8ff1"}
,"/home/lucax/Driven/Projetos/projeto22-adopet/projeto22-adopet-back/src/utils/cryptographyUtils.ts": {"path":"/home/lucax/Driven/Projetos/projeto22-adopet/projeto22-adopet-back/src/utils/cryptographyUtils.ts","statementMap":{"0":{"start":{"line":3,"column":24},"end":{"line":5,"column":1}},"1":{"start":{"line":4,"column":1},"end":{"line":4,"column":37}},"2":{"start":{"line":7,"column":26},"end":{"line":9,"column":1}},"3":{"start":{"line":8,"column":1},"end":{"line":8,"column":54}}},"fnMap":{"0":{"name":"(anonymous_0)","decl":{"start":{"line":3,"column":24},"end":{"line":3,"column":25}},"loc":{"start":{"line":3,"column":46},"end":{"line":5,"column":1}},"line":3},"1":{"name":"(anonymous_1)","decl":{"start":{"line":7,"column":26},"end":{"line":7,"column":27}},"loc":{"start":{"line":7,"column":74},"end":{"line":9,"column":1}},"line":7}},"branchMap":{},"s":{"0":1,"1":2,"2":1,"3":2},"f":{"0":2,"1":2},"b":{},"_coverageSchema":"1a1c01bbd47fc00a2c39e90264f33305004495a9","hash":"d994d50fc2ee0f3aaa4462d9787559f9f5ea11ce"}
,"/home/lucax/Driven/Projetos/projeto22-adopet/projeto22-adopet-back/tests/unit/factories/authServiceFactory.ts": {"path":"/home/lucax/Driven/Projetos/projeto22-adopet/projeto22-adopet-back/tests/unit/factories/authServiceFactory.ts","statementMap":{"0":{"start":{"line":3,"column":17},"end":{"line":17,"column":1}},"1":{"start":{"line":10,"column":1},"end":{"line":16,"column":2}}},"fnMap":{"0":{"name":"(anonymous_0)","decl":{"start":{"line":3,"column":17},"end":{"line":3,"column":18}},"loc":{"start":{"line":9,"column":5},"end":{"line":17,"column":1}},"line":9}},"branchMap":{"0":{"loc":{"start":{"line":4,"column":1},"end":{"line":4,"column":14}},"type":"default-arg","locations":[{"start":{"line":4,"column":9},"end":{"line":4,"column":14}}],"line":4},"1":{"loc":{"start":{"line":5,"column":1},"end":{"line":5,"column":22}},"type":"default-arg","locations":[{"start":{"line":5,"column":17},"end":{"line":5,"column":22}}],"line":5},"2":{"loc":{"start":{"line":6,"column":1},"end":{"line":6,"column":13}},"type":"default-arg","locations":[{"start":{"line":6,"column":8},"end":{"line":6,"column":13}}],"line":6},"3":{"loc":{"start":{"line":7,"column":1},"end":{"line":7,"column":12}},"type":"default-arg","locations":[{"start":{"line":7,"column":7},"end":{"line":7,"column":12}}],"line":7},"4":{"loc":{"start":{"line":8,"column":1},"end":{"line":8,"column":14}},"type":"default-arg","locations":[{"start":{"line":8,"column":9},"end":{"line":8,"column":14}}],"line":8},"5":{"loc":{"start":{"line":11,"column":9},"end":{"line":11,"column":40}},"type":"binary-expr","locations":[{"start":{"line":11,"column":9},"end":{"line":11,"column":14}},{"start":{"line":11,"column":18},"end":{"line":11,"column":40}}],"line":11},"6":{"loc":{"start":{"line":12,"column":12},"end":{"line":12,"column":50}},"type":"binary-expr","locations":[{"start":{"line":12,"column":12},"end":{"line":12,"column":20}},{"start":{"line":12,"column":24},"end":{"line":12,"column":50}}],"line":12},"7":{"loc":{"start":{"line":13,"column":8},"end":{"line":13,"column":38}},"type":"binary-expr","locations":[{"start":{"line":13,"column":8},"end":{"line":13,"column":12}},{"start":{"line":13,"column":16},"end":{"line":13,"column":38}}],"line":13},"8":{"loc":{"start":{"line":14,"column":7},"end":{"line":14,"column":24}},"type":"binary-expr","locations":[{"start":{"line":14,"column":7},"end":{"line":14,"column":10}},{"start":{"line":14,"column":14},"end":{"line":14,"column":24}}],"line":14},"9":{"loc":{"start":{"line":15,"column":9},"end":{"line":15,"column":35}},"type":"binary-expr","locations":[{"start":{"line":15,"column":9},"end":{"line":15,"column":14}},{"start":{"line":15,"column":18},"end":{"line":15,"column":35}}],"line":15}},"s":{"0":1,"1":6},"f":{"0":6},"b":{"0":[5],"1":[5],"2":[6],"3":[6],"4":[6],"5":[6,6],"6":[6,5],"7":[6,6],"8":[6,6],"9":[6,6]},"_coverageSchema":"1a1c01bbd47fc00a2c39e90264f33305004495a9","hash":"11865760abf032f68c3da8e730b9cb90f1031b23"}
,"/home/lucax/Driven/Projetos/projeto22-adopet/projeto22-adopet-back/tests/unit/factories/petsServiceFactory.ts": {"path":"/home/lucax/Driven/Projetos/projeto22-adopet/projeto22-adopet-back/tests/unit/factories/petsServiceFactory.ts","statementMap":{"0":{"start":{"line":3,"column":17},"end":{"line":9,"column":1}},"1":{"start":{"line":4,"column":1},"end":{"line":8,"column":2}}},"fnMap":{"0":{"name":"(anonymous_0)","decl":{"start":{"line":3,"column":17},"end":{"line":3,"column":18}},"loc":{"start":{"line":3,"column":86},"end":{"line":9,"column":1}},"line":3}},"branchMap":{"0":{"loc":{"start":{"line":3,"column":18},"end":{"line":3,"column":37}},"type":"default-arg","locations":[{"start":{"line":3,"column":32},"end":{"line":3,"column":37}}],"line":3},"1":{"loc":{"start":{"line":3,"column":39},"end":{"line":3,"column":58}},"type":"default-arg","locations":[{"start":{"line":3,"column":53},"end":{"line":3,"column":58}}],"line":3},"2":{"loc":{"start":{"line":3,"column":60},"end":{"line":3,"column":81}},"type":"default-arg","locations":[{"start":{"line":3,"column":76},"end":{"line":3,"column":81}}],"line":3},"3":{"loc":{"start":{"line":6,"column":10},"end":{"line":6,"column":21}},"type":"binary-expr","locations":[{"start":{"line":6,"column":10},"end":{"line":6,"column":16}},{"start":{"line":6,"column":20},"end":{"line":6,"column":21}}],"line":6},"4":{"loc":{"start":{"line":7,"column":12},"end":{"line":7,"column":25}},"type":"binary-expr","locations":[{"start":{"line":7,"column":12},"end":{"line":7,"column":20}},{"start":{"line":7,"column":24},"end":{"line":7,"column":25}}],"line":7}},"s":{"0":1,"1":4},"f":{"0":4},"b":{"0":[4],"1":[4],"2":[4],"3":[4,4],"4":[4,4]},"_coverageSchema":"1a1c01bbd47fc00a2c39e90264f33305004495a9","hash":"fe3793292cdf03f24f059768162368453644a943"}
}
