TN:
SF:src/db/index.ts
FNF:0
FNH:0
DA:2,1
LF:1
LH:1
BRF:0
BRH:0
end_of_record
TN:
SF:src/errors/index.ts
FN:3,(anonymous_0)
FN:10,(anonymous_1)
FN:17,(anonymous_2)
FN:24,(anonymous_3)
FNF:4
FNH:0
FNDA:0,(anonymous_0)
FNDA:0,(anonymous_1)
FNDA:0,(anonymous_2)
FNDA:0,(anonymous_3)
DA:3,1
DA:4,0
DA:10,1
DA:11,0
DA:17,1
DA:18,0
DA:24,1
DA:25,0
LF:8
LH:4
BRF:0
BRH:0
end_of_record
TN:
SF:src/factories/queryFactory.ts
FN:4,(anonymous_0)
FNF:1
FNH:0
FNDA:0,(anonymous_0)
DA:4,1
DA:5,0
LF:2
LH:1
BRF:0
BRH:0
end_of_record
TN:
SF:src/respositories/adressRepository.ts
FN:5,(anonymous_0)
FN:14,(anonymous_1)
FNF:2
FNH:0
FNDA:0,(anonymous_0)
FNDA:0,(anonymous_1)
DA:5,1
DA:6,0
DA:7,0
DA:8,0
DA:11,0
DA:14,1
DA:15,0
LF:7
LH:2
BRF:0
BRH:0
end_of_record
TN:
SF:src/respositories/petsRepository.ts
FN:4,(anonymous_0)
FN:46,(anonymous_1)
FN:80,(anonymous_2)
FN:83,(anonymous_3)
FN:86,(anonymous_4)
FN:90,(anonymous_5)
FN:94,(anonymous_6)
FNF:7
FNH:0
FNDA:0,(anonymous_0)
FNDA:0,(anonymous_1)
FNDA:0,(anonymous_2)
FNDA:0,(anonymous_3)
FNDA:0,(anonymous_4)
FNDA:0,(anonymous_5)
FNDA:0,(anonymous_6)
DA:4,1
DA:5,0
DA:46,1
DA:47,0
DA:80,1
DA:81,0
DA:83,1
DA:84,0
DA:86,1
DA:87,0
DA:90,1
DA:91,0
DA:94,1
DA:95,0
LF:14
LH:7
BRDA:7,0,0,0
BRDA:7,0,1,0
BRDA:8,1,0,0
BRDA:8,1,1,0
BRDA:11,2,0,0
BRDA:11,2,1,0
BRDA:99,3,0,0
BRDA:99,3,1,0
BRDA:100,4,0,0
BRDA:100,4,1,0
BRDA:105,5,0,0
BRDA:105,5,1,0
BRF:12
BRH:0
end_of_record
TN:
SF:src/services/petsService.ts
FN:7,(anonymous_0)
FN:16,(anonymous_1)
FN:22,(anonymous_2)
FN:33,(anonymous_3)
FN:44,(anonymous_4)
FNF:5
FNH:1
FNDA:1,(anonymous_0)
FNDA:0,(anonymous_1)
FNDA:0,(anonymous_2)
FNDA:0,(anonymous_3)
FNDA:0,(anonymous_4)
DA:7,1
DA:8,1
DA:9,0
DA:10,0
DA:12,1
DA:13,1
DA:16,1
DA:17,0
DA:18,0
DA:19,0
DA:22,1
DA:23,0
DA:24,0
DA:25,0
DA:26,0
DA:27,0
DA:28,0
DA:30,0
DA:33,1
DA:34,0
DA:35,0
DA:36,0
DA:37,0
DA:38,0
DA:39,0
DA:41,0
DA:44,1
DA:45,0
DA:46,0
DA:47,0
DA:49,0
DA:50,0
LF:32
LH:8
BRDA:8,0,0,0
BRDA:8,0,1,1
BRDA:12,1,0,0
BRDA:12,1,1,1
BRDA:18,2,0,0
BRDA:18,2,1,0
BRDA:24,3,0,0
BRDA:24,3,1,0
BRDA:26,4,0,0
BRDA:26,4,1,0
BRDA:28,5,0,0
BRDA:28,5,1,0
BRDA:35,6,0,0
BRDA:35,6,1,0
BRDA:37,7,0,0
BRDA:37,7,1,0
BRDA:39,8,0,0
BRDA:39,8,1,0
BRDA:45,9,0,0
BRDA:45,9,1,0
BRDA:49,10,0,0
BRDA:49,10,1,0
BRF:22
BRH:2
end_of_record
TN:
SF:tests/unit/factories/petsServiceFactory.ts
FN:3,(anonymous_0)
FNF:1
FNH:1
FNDA:1,(anonymous_0)
DA:3,1
DA:4,1
LF:2
LH:2
BRDA:3,0,0,1
BRDA:3,1,0,1
BRDA:3,2,0,1
BRDA:6,3,0,1
BRDA:6,3,1,1
BRDA:7,4,0,1
BRDA:7,4,1,1
BRF:7
BRH:7
end_of_record
